d:\repos\bms-onefile\x64\debug\vc143.pdb
d:\repos\bms-onefile\x64\debug\vc143.idb
d:\repos\bms-onefile\x64\debug\useroperation.obj
d:\repos\bms-onefile\x64\debug\databaseoperation.obj
d:\repos\bms-onefile\x64\debug\menu.obj
d:\repos\bms-onefile\x64\debug\readeroperation.obj
d:\repos\bms-onefile\x64\debug\main.obj
d:\repos\bms-onefile\x64\debug\globals.obj
d:\repos\bms-onefile\x64\debug\databaseoperation.nativecodeanalysis.sarif
d:\repos\bms-onefile\x64\debug\databaseoperation.nativecodeanalysis.xml
d:\repos\bms-onefile\x64\debug\bms-onefile.exe
d:\repos\bms-onefile\x64\debug\bms-onefile.ilk
d:\repos\bms-onefile\x64\debug\bms-onefile.pdb
d:\repos\bms-onefile\x64\debug\nativecodeanalysis.read.1.tlog
d:\repos\bms-onefile\x64\debug\vc.nativecodeanalysis.all.xml
d:\repos\bms-onefile\x64\debug\bms-onefile.tlog\cl.command.1.tlog
d:\repos\bms-onefile\x64\debug\bms-onefile.tlog\cl.read.1.tlog
d:\repos\bms-onefile\x64\debug\bms-onefile.tlog\cl.write.1.tlog
d:\repos\bms-onefile\x64\debug\bms-onefile.tlog\link.command.1.tlog
d:\repos\bms-onefile\x64\debug\bms-onefile.tlog\link.read.1.tlog
d:\repos\bms-onefile\x64\debug\bms-onefile.tlog\link.write.1.tlog
